        -:    0:Source:E:/Documents/Fatec/Algoritmos/CLion_codes/Listas/Lista02/ex01/main.cpp
        -:    0:Graph:E:\Documents\Fatec\Algoritmos\CLion_codes\Listas\Lista02\ex01\cmake-build-debug-coverage\CMakeFiles\ex01.dir\main.cpp.gcno
        -:    0:Data:E:\Documents\Fatec\Algoritmos\CLion_codes\Listas\Lista02\ex01\cmake-build-debug-coverage\CMakeFiles\ex01.dir\main.cpp.gcda
        -:    0:Runs:1
        -:    1:#include <stdio.h>
        -:    2:/*
        -:    3:Faça um programa que imprima um menu de 4 pratos na tela e uma quinta opção para sair do programa. O programa deve imprimir o prato solicitado. O programa deve terminar quando for escolhido a quinta opção.
        -:    4:*/
        -:    5:
function main called 1 returned 100% blocks executed 74%
        1:    6:int main() {
        1:    7:    int controle = 1, pedido;
        -:    8:
        2:    9:    while (controle != 0) {
        1:    9-block  0
        2:    9-block  1
branch  0 taken 1
branch  1 taken 1 (fallthrough)
        1:   10:        printf("\nBom dia, hoje temos em nosso cardapio os seguintes pratos");
        1:   10-block  0
call    0 returned 1
branch  1 taken 1 (fallthrough)
branch  2 taken 0 (throw)
        1:   11:        printf("\nTorrada com guacamole");
        1:   11-block  0
call    0 returned 1
branch  1 taken 1 (fallthrough)
branch  2 taken 0 (throw)
        1:   12:        printf("\nBanana com aveia");
        1:   12-block  0
call    0 returned 1
branch  1 taken 1 (fallthrough)
branch  2 taken 0 (throw)
        1:   13:        printf("\nIogurte com fruta");
        1:   13-block  0
call    0 returned 1
branch  1 taken 1 (fallthrough)
branch  2 taken 0 (throw)
        1:   14:        printf("\nTofu mexido");
        1:   14-block  0
call    0 returned 1
branch  1 taken 1 (fallthrough)
branch  2 taken 0 (throw)
        1:   15:        printf("\n\nEscolha o pedido (digite 5 para cancelar): ");
        1:   15-block  0
call    0 returned 1
branch  1 taken 1 (fallthrough)
branch  2 taken 0 (throw)
        1:   16:        scanf("%d", &pedido);
        1:   16-block  0
call    0 returned 1
branch  1 taken 1 (fallthrough)
branch  2 taken 0 (throw)
        -:   17:
        1:   18:        switch (pedido){
        1:   18-block  0
branch  0 taken 0
branch  1 taken 0
branch  2 taken 0
branch  3 taken 0
branch  4 taken 1
branch  5 taken 0
    #####:   19:            case 1:
    #####:   20:                printf("\nTorrada com guacamole");
    %%%%%:   20-block  0
call    0 never executed
branch  1 never executed
branch  2 never executed
    #####:   21:            case 2:
    #####:   22:                printf("\nBanana com aveia");
    %%%%%:   22-block  0
call    0 never executed
branch  1 never executed
branch  2 never executed
    #####:   23:            case 3:
    #####:   24:                printf("\nIogurte com fruta");
    %%%%%:   24-block  0
call    0 never executed
branch  1 never executed
branch  2 never executed
    #####:   25:            case 4:
    #####:   26:                printf("\nTofu mexido");
    %%%%%:   26-block  0
call    0 never executed
branch  1 never executed
branch  2 never executed
        1:   27:            case 5:
        1:   28:                controle = 0;
        1:   29:                break;
        1:   29-block  0
    #####:   30:            default:
    #####:   31:                printf("\nOpcao invalida");
    %%%%%:   31-block  0
call    0 never executed
branch  1 never executed
branch  2 never executed
        -:   32:        }
        -:   33:    }
        -:   34:
        1:   35:    return 0;
        1:   35-block  0
        -:   36:}
